c:\users\student\desktop\cs2\colorconesurvivors2\02_colorconesurvivors2\2023_actiongame_000.ipdb
c:\users\student\desktop\cs2\colorconesurvivors2\02_colorconesurvivors2\2023_actiongame_000.iobj
c:\users\student\desktop\chorisaw\2023_actiongame_000\release\vc140.pdb
c:\users\student\desktop\cs2\colorconesurvivors2\02_colorconesurvivors2\release\vc142.pdb
c:\users\student\desktop\cs2\colorconesurvivors2\02_colorconesurvivors2\release\playerx.obj
c:\users\student\desktop\cs2\colorconesurvivors2\02_colorconesurvivors2\release\objectx.obj
c:\users\student\desktop\cs2\colorconesurvivors2\02_colorconesurvivors2\release\objectbillboard.obj
c:\users\student\desktop\cs2\colorconesurvivors2\02_colorconesurvivors2\release\object3d.obj
c:\users\student\desktop\cs2\colorconesurvivors2\02_colorconesurvivors2\release\object2d.obj
c:\users\student\desktop\cs2\colorconesurvivors2\02_colorconesurvivors2\release\object.obj
c:\users\student\desktop\cs2\colorconesurvivors2\02_colorconesurvivors2\release\number.obj
c:\users\student\desktop\cs2\colorconesurvivors2\02_colorconesurvivors2\release\modeimage.obj
c:\users\student\desktop\cs2\colorconesurvivors2\02_colorconesurvivors2\release\manager.obj
c:\users\student\desktop\cs2\colorconesurvivors2\02_colorconesurvivors2\release\main.obj
c:\users\student\desktop\cs2\colorconesurvivors2\02_colorconesurvivors2\release\light.obj
c:\users\student\desktop\cs2\colorconesurvivors2\02_colorconesurvivors2\release\input.obj
c:\users\student\desktop\cs2\colorconesurvivors2\02_colorconesurvivors2\release\game.obj
c:\users\student\desktop\cs2\colorconesurvivors2\02_colorconesurvivors2\release\fade.obj
c:\users\student\desktop\cs2\colorconesurvivors2\02_colorconesurvivors2\release\explosion3d.obj
c:\users\student\desktop\cs2\colorconesurvivors2\02_colorconesurvivors2\release\enemyx.obj
c:\users\student\desktop\cs2\colorconesurvivors2\02_colorconesurvivors2\release\debugproc.obj
c:\users\student\desktop\cs2\colorconesurvivors2\02_colorconesurvivors2\release\camera.obj
c:\users\student\desktop\cs2\colorconesurvivors2\02_colorconesurvivors2\release\bullet3d.obj
c:\users\student\desktop\cs2\colorconesurvivors2\02_colorconesurvivors2\release\boss.obj
c:\users\student\desktop\cs2\colorconesurvivors2\02_colorconesurvivors2\release\tutorial.obj
c:\users\student\desktop\cs2\colorconesurvivors2\02_colorconesurvivors2\release\title.obj
c:\users\student\desktop\cs2\colorconesurvivors2\02_colorconesurvivors2\release\time.obj
c:\users\student\desktop\cs2\colorconesurvivors2\02_colorconesurvivors2\release\spawner.obj
c:\users\student\desktop\cs2\colorconesurvivors2\02_colorconesurvivors2\release\building.obj
c:\users\student\desktop\cs2\colorconesurvivors2\02_colorconesurvivors2\release\sound.obj
c:\users\student\desktop\cs2\colorconesurvivors2\02_colorconesurvivors2\release\skybox.obj
c:\users\student\desktop\cs2\colorconesurvivors2\02_colorconesurvivors2\release\score.obj
c:\users\student\desktop\cs2\colorconesurvivors2\02_colorconesurvivors2\release\scene.obj
c:\users\student\desktop\cs2\colorconesurvivors2\02_colorconesurvivors2\release\result.obj
c:\users\student\desktop\cs2\colorconesurvivors2\02_colorconesurvivors2\release\renderer.obj
c:\users\student\desktop\cs2\colorconesurvivors2\02_colorconesurvivors2\release\rankingnum.obj
c:\users\student\desktop\cs2\colorconesurvivors2\02_colorconesurvivors2\release\ranking.obj
c:\users\student\desktop\cs2\colorconesurvivors2\02_colorconesurvivors2\release\particle.obj
c:\users\student\desktop\cs2\colorconesurvivors2\02_colorconesurvivors2\release\hitpoint.obj
c:\users\student\desktop\cs2\colorconesurvivors2\02_colorconesurvivors2\release\effect.obj
c:\users\student\desktop\cs2\colorconesurvivors2\02_colorconesurvivors2\2023_actiongame_000.exe
c:\users\student\desktop\cs2\colorconesurvivors2\02_colorconesurvivors2\release\2023_actiongame_000.ipdb
c:\users\student\desktop\cs2\colorconesurvivors2\02_colorconesurvivors2\release\2023_actiongame_000.iobj
c:\users\student\desktop\cs2\colorconesurvivors2\02_colorconesurvivors2\2023_actiongame_000.pdb
c:\users\student\desktop\cs2\colorconesurvivors2\02_colorconesurvivors2\release\vc140.pdb
c:\users\student\desktop\cs2\colorconesurvivors2\02_colorconesurvivors2\release\2023_act.14365f49.tlog\2023_actiongame_000.write.1u.tlog
c:\users\student\desktop\cs2\colorconesurvivors2\02_colorconesurvivors2\release\2023_act.14365f49.tlog\cl.command.1.tlog
c:\users\student\desktop\cs2\colorconesurvivors2\02_colorconesurvivors2\release\2023_act.14365f49.tlog\cl.read.1.tlog
c:\users\student\desktop\cs2\colorconesurvivors2\02_colorconesurvivors2\release\2023_act.14365f49.tlog\cl.write.1.tlog
c:\users\student\desktop\cs2\colorconesurvivors2\02_colorconesurvivors2\release\2023_act.14365f49.tlog\link.command.1.tlog
c:\users\student\desktop\cs2\colorconesurvivors2\02_colorconesurvivors2\release\2023_act.14365f49.tlog\link.read.1.tlog
c:\users\student\desktop\cs2\colorconesurvivors2\02_colorconesurvivors2\release\2023_act.14365f49.tlog\link.write.1.tlog
