c:\users\student\desktop\02_colorconesurvivors2\debug\vc142.pdb
c:\users\student\desktop\02_colorconesurvivors2\debug\vc142.idb
c:\users\student\desktop\cs2\colorconesurvivors2\02_colorconesurvivors2\debug\vc142.pdb
c:\users\student\desktop\cs2\colorconesurvivors2\02_colorconesurvivors2\debug\vc142.idb
c:\users\student\desktop\cs2\colorconesurvivors2\02_colorconesurvivors2\debug\playerx.obj
c:\users\student\desktop\cs2\colorconesurvivors2\02_colorconesurvivors2\debug\objectx.obj
c:\users\student\desktop\cs2\colorconesurvivors2\02_colorconesurvivors2\debug\objectbillboard.obj
c:\users\student\desktop\cs2\colorconesurvivors2\02_colorconesurvivors2\debug\object3d.obj
c:\users\student\desktop\cs2\colorconesurvivors2\02_colorconesurvivors2\debug\object2d.obj
c:\users\student\desktop\cs2\colorconesurvivors2\02_colorconesurvivors2\debug\object.obj
c:\users\student\desktop\cs2\colorconesurvivors2\02_colorconesurvivors2\debug\number.obj
c:\users\student\desktop\cs2\colorconesurvivors2\02_colorconesurvivors2\debug\modeimage.obj
c:\users\student\desktop\cs2\colorconesurvivors2\02_colorconesurvivors2\debug\manager.obj
c:\users\student\desktop\cs2\colorconesurvivors2\02_colorconesurvivors2\debug\main.obj
c:\users\student\desktop\cs2\colorconesurvivors2\02_colorconesurvivors2\debug\light.obj
c:\users\student\desktop\cs2\colorconesurvivors2\02_colorconesurvivors2\debug\input.obj
c:\users\student\desktop\cs2\colorconesurvivors2\02_colorconesurvivors2\debug\game.obj
c:\users\student\desktop\cs2\colorconesurvivors2\02_colorconesurvivors2\debug\fade.obj
c:\users\student\desktop\cs2\colorconesurvivors2\02_colorconesurvivors2\debug\explosion3d.obj
c:\users\student\desktop\cs2\colorconesurvivors2\02_colorconesurvivors2\debug\enemyx.obj
c:\users\student\desktop\cs2\colorconesurvivors2\02_colorconesurvivors2\debug\debugproc.obj
c:\users\student\desktop\cs2\colorconesurvivors2\02_colorconesurvivors2\debug\camera.obj
c:\users\student\desktop\cs2\colorconesurvivors2\02_colorconesurvivors2\debug\bullet3d.obj
c:\users\student\desktop\cs2\colorconesurvivors2\02_colorconesurvivors2\debug\boss.obj
c:\users\student\desktop\cs2\colorconesurvivors2\02_colorconesurvivors2\debug\tutorial.obj
c:\users\student\desktop\cs2\colorconesurvivors2\02_colorconesurvivors2\debug\title.obj
c:\users\student\desktop\cs2\colorconesurvivors2\02_colorconesurvivors2\debug\time.obj
c:\users\student\desktop\cs2\colorconesurvivors2\02_colorconesurvivors2\debug\spawner.obj
c:\users\student\desktop\cs2\colorconesurvivors2\02_colorconesurvivors2\debug\building.obj
c:\users\student\desktop\cs2\colorconesurvivors2\02_colorconesurvivors2\debug\sound.obj
c:\users\student\desktop\cs2\colorconesurvivors2\02_colorconesurvivors2\debug\skybox.obj
c:\users\student\desktop\cs2\colorconesurvivors2\02_colorconesurvivors2\debug\score.obj
c:\users\student\desktop\cs2\colorconesurvivors2\02_colorconesurvivors2\debug\scene.obj
c:\users\student\desktop\cs2\colorconesurvivors2\02_colorconesurvivors2\debug\result.obj
c:\users\student\desktop\cs2\colorconesurvivors2\02_colorconesurvivors2\debug\renderer.obj
c:\users\student\desktop\cs2\colorconesurvivors2\02_colorconesurvivors2\debug\rankingnum.obj
c:\users\student\desktop\cs2\colorconesurvivors2\02_colorconesurvivors2\debug\ranking.obj
c:\users\student\desktop\cs2\colorconesurvivors2\02_colorconesurvivors2\debug\hp.obj
c:\users\student\desktop\cs2\colorconesurvivors2\02_colorconesurvivors2\debug\effect.obj
c:\users\student\desktop\cs2\colorconesurvivors2\02_colorconesurvivors2\debug\particle.obj
c:\users\student\desktop\cs2\colorconesurvivors2\02_colorconesurvivors2\debug\hitpoint.obj
c:\users\student\desktop\cs2\colorconesurvivors2\02_colorconesurvivors2\debug\2023_actiongame_000.exe
c:\users\student\desktop\cs2\colorconesurvivors2\02_colorconesurvivors2\debug\2023_actiongame_000.ilk
c:\users\student\desktop\cs2\colorconesurvivors2\02_colorconesurvivors2\debug\2023_actiongame_000.pdb
c:\users\student\desktop\cs2\colorconesurvivors2\02_colorconesurvivors2\debug\hp.obj.enc
c:\users\student\desktop\cs2\colorconesurvivors2\02_colorconesurvivors2\debug\playerx.obj.enc
c:\users\student\desktop\cs2\colorconesurvivors2\02_colorconesurvivors2\debug\vc140.idb
c:\users\student\desktop\cs2\colorconesurvivors2\02_colorconesurvivors2\debug\vc140.pdb
c:\users\student\desktop\cs2\colorconesurvivors2\02_colorconesurvivors2\debug\2023_act.14365f49.tlog\cl.command.1.tlog
c:\users\student\desktop\cs2\colorconesurvivors2\02_colorconesurvivors2\debug\2023_act.14365f49.tlog\cl.read.1.tlog
c:\users\student\desktop\cs2\colorconesurvivors2\02_colorconesurvivors2\debug\2023_act.14365f49.tlog\cl.write.1.tlog
c:\users\student\desktop\cs2\colorconesurvivors2\02_colorconesurvivors2\debug\2023_act.14365f49.tlog\link.command.1.tlog
c:\users\student\desktop\cs2\colorconesurvivors2\02_colorconesurvivors2\debug\2023_act.14365f49.tlog\link.read.1.tlog
c:\users\student\desktop\cs2\colorconesurvivors2\02_colorconesurvivors2\debug\2023_act.14365f49.tlog\link.write.1.tlog
